[PID=61679][Sat Mar 16 16:39:57 2024] Error : -262147(eBADHASHKEY_BFM) in edubfm_AllocTrain.c:112
[PID=61679][Sat Mar 16 16:39:57 2024] Error : -262147(eBADHASHKEY_BFM) in EduBfM_GetTrain.c:90
[PID=61679][Sat Mar 16 16:39:57 2024] Error : -262147(eBADHASHKEY_BFM) in EduBfM_Test.c:116
[PID=61679][Sat Mar 16 16:39:57 2024] Error : -589829(eNOLOGGEDTRANSACTION_RM) in RM_Transaction.c:311
[PID=61679][Sat Mar 16 16:39:57 2024] Error : -589829(eNOLOGGEDTRANSACTION_RM) in SM_Transaction.c:258
[PID=61679][Sat Mar 16 16:39:57 2024] Error : -589829(eNOLOGGEDTRANSACTION_RM) in SM_ThinLayer.c:761
[PID=61679][Sat Mar 16 16:39:57 2024] Error : -589829(eNOLOGGEDTRANSACTION_RM) in LRDS_Transaction.c:133
[PID=61679][Sat Mar 16 16:39:57 2024] Error : -524288(eBADPARAMETER_SM) in SM_CloseScan.c:65
[PID=61679][Sat Mar 16 16:39:57 2024] Error : -524288(eBADPARAMETER_SM) in LRDS_CloseScan.c:102
[PID=61679][Sat Mar 16 16:39:57 2024] Error : -524288(eBADPARAMETER_SM) in LRDS_Transaction.c:90
[PID=61679][Sat Mar 16 16:39:57 2024] Error : -65539(eBADVOLUMEID) in LRDS_Dismount.c:73
[PID=62419][Sat Mar 16 16:41:46 2024] Error : -262147(eBADHASHKEY_BFM) in edubfm_AllocTrain.c:112
[PID=62419][Sat Mar 16 16:41:46 2024] Error : -262147(eBADHASHKEY_BFM) in EduBfM_GetTrain.c:90
[PID=62419][Sat Mar 16 16:41:46 2024] Error : -262147(eBADHASHKEY_BFM) in EduBfM_Test.c:116
[PID=62419][Sat Mar 16 16:41:46 2024] Error : -589829(eNOLOGGEDTRANSACTION_RM) in RM_Transaction.c:311
[PID=62419][Sat Mar 16 16:41:46 2024] Error : -589829(eNOLOGGEDTRANSACTION_RM) in SM_Transaction.c:258
[PID=62419][Sat Mar 16 16:41:46 2024] Error : -589829(eNOLOGGEDTRANSACTION_RM) in SM_ThinLayer.c:761
[PID=62419][Sat Mar 16 16:41:46 2024] Error : -589829(eNOLOGGEDTRANSACTION_RM) in LRDS_Transaction.c:133
[PID=62419][Sat Mar 16 16:41:46 2024] Error : -524288(eBADPARAMETER_SM) in SM_CloseScan.c:65
[PID=62419][Sat Mar 16 16:41:46 2024] Error : -524288(eBADPARAMETER_SM) in LRDS_CloseScan.c:102
[PID=62419][Sat Mar 16 16:41:46 2024] Error : -524288(eBADPARAMETER_SM) in LRDS_Transaction.c:90
[PID=62419][Sat Mar 16 16:41:46 2024] Error : -65539(eBADVOLUMEID) in LRDS_Dismount.c:73
[PID=62648][Sat Mar 16 16:42:11 2024] Error : -262147(eBADHASHKEY_BFM) in edubfm_AllocTrain.c:112
[PID=62648][Sat Mar 16 16:42:11 2024] Error : -262147(eBADHASHKEY_BFM) in EduBfM_GetTrain.c:92
[PID=62648][Sat Mar 16 16:42:11 2024] Error : -262147(eBADHASHKEY_BFM) in EduBfM_Test.c:116
[PID=62648][Sat Mar 16 16:42:11 2024] Error : -589829(eNOLOGGEDTRANSACTION_RM) in RM_Transaction.c:311
[PID=62648][Sat Mar 16 16:42:11 2024] Error : -589829(eNOLOGGEDTRANSACTION_RM) in SM_Transaction.c:258
[PID=62648][Sat Mar 16 16:42:11 2024] Error : -589829(eNOLOGGEDTRANSACTION_RM) in SM_ThinLayer.c:761
[PID=62648][Sat Mar 16 16:42:11 2024] Error : -589829(eNOLOGGEDTRANSACTION_RM) in LRDS_Transaction.c:133
[PID=62648][Sat Mar 16 16:42:11 2024] Error : -524288(eBADPARAMETER_SM) in SM_CloseScan.c:65
[PID=62648][Sat Mar 16 16:42:11 2024] Error : -524288(eBADPARAMETER_SM) in LRDS_CloseScan.c:102
[PID=62648][Sat Mar 16 16:42:11 2024] Error : -524288(eBADPARAMETER_SM) in LRDS_Transaction.c:90
[PID=62648][Sat Mar 16 16:42:11 2024] Error : -65539(eBADVOLUMEID) in LRDS_Dismount.c:73
[PID=62898][Sat Mar 16 16:42:39 2024] Error : -262147(eBADHASHKEY_BFM) in edubfm_AllocTrain.c:114
[PID=62898][Sat Mar 16 16:42:39 2024] Error : -262147(eBADHASHKEY_BFM) in EduBfM_GetTrain.c:90
[PID=62898][Sat Mar 16 16:42:39 2024] Error : -262147(eBADHASHKEY_BFM) in EduBfM_Test.c:116
[PID=62898][Sat Mar 16 16:42:39 2024] Error : -589829(eNOLOGGEDTRANSACTION_RM) in RM_Transaction.c:311
[PID=62898][Sat Mar 16 16:42:39 2024] Error : -589829(eNOLOGGEDTRANSACTION_RM) in SM_Transaction.c:258
[PID=62898][Sat Mar 16 16:42:39 2024] Error : -589829(eNOLOGGEDTRANSACTION_RM) in SM_ThinLayer.c:761
[PID=62898][Sat Mar 16 16:42:39 2024] Error : -589829(eNOLOGGEDTRANSACTION_RM) in LRDS_Transaction.c:133
[PID=62898][Sat Mar 16 16:42:39 2024] Error : -524288(eBADPARAMETER_SM) in SM_CloseScan.c:65
[PID=62898][Sat Mar 16 16:42:39 2024] Error : -524288(eBADPARAMETER_SM) in LRDS_CloseScan.c:102
[PID=62898][Sat Mar 16 16:42:39 2024] Error : -524288(eBADPARAMETER_SM) in LRDS_Transaction.c:90
[PID=62898][Sat Mar 16 16:42:39 2024] Error : -65539(eBADVOLUMEID) in LRDS_Dismount.c:73
[PID=63216][Sat Mar 16 16:43:16 2024] Error : -262147(eBADHASHKEY_BFM) in edubfm_AllocTrain.c:114
[PID=63216][Sat Mar 16 16:43:16 2024] Error : -262147(eBADHASHKEY_BFM) in EduBfM_GetTrain.c:90
[PID=63216][Sat Mar 16 16:43:16 2024] Error : -262147(eBADHASHKEY_BFM) in EduBfM_Test.c:116
[PID=63216][Sat Mar 16 16:43:16 2024] Error : -589829(eNOLOGGEDTRANSACTION_RM) in RM_Transaction.c:311
[PID=63216][Sat Mar 16 16:43:16 2024] Error : -589829(eNOLOGGEDTRANSACTION_RM) in SM_Transaction.c:258
[PID=63216][Sat Mar 16 16:43:16 2024] Error : -589829(eNOLOGGEDTRANSACTION_RM) in SM_ThinLayer.c:761
[PID=63216][Sat Mar 16 16:43:16 2024] Error : -589829(eNOLOGGEDTRANSACTION_RM) in LRDS_Transaction.c:133
[PID=63216][Sat Mar 16 16:43:16 2024] Error : -524288(eBADPARAMETER_SM) in SM_CloseScan.c:65
[PID=63216][Sat Mar 16 16:43:16 2024] Error : -524288(eBADPARAMETER_SM) in LRDS_CloseScan.c:102
[PID=63216][Sat Mar 16 16:43:16 2024] Error : -524288(eBADPARAMETER_SM) in LRDS_Transaction.c:90
[PID=63216][Sat Mar 16 16:43:16 2024] Error : -65539(eBADVOLUMEID) in LRDS_Dismount.c:73
[PID=63397][Sat Mar 16 16:43:32 2024] Error : -262147(eBADHASHKEY_BFM) in edubfm_AllocTrain.c:114
[PID=63397][Sat Mar 16 16:43:32 2024] Error : -262147(eBADHASHKEY_BFM) in EduBfM_GetTrain.c:90
[PID=63397][Sat Mar 16 16:43:32 2024] Error : -262147(eBADHASHKEY_BFM) in EduBfM_Test.c:116
[PID=63397][Sat Mar 16 16:43:32 2024] Error : -589829(eNOLOGGEDTRANSACTION_RM) in RM_Transaction.c:311
[PID=63397][Sat Mar 16 16:43:32 2024] Error : -589829(eNOLOGGEDTRANSACTION_RM) in SM_Transaction.c:258
[PID=63397][Sat Mar 16 16:43:32 2024] Error : -589829(eNOLOGGEDTRANSACTION_RM) in SM_ThinLayer.c:761
[PID=63397][Sat Mar 16 16:43:32 2024] Error : -589829(eNOLOGGEDTRANSACTION_RM) in LRDS_Transaction.c:133
[PID=63397][Sat Mar 16 16:43:32 2024] Error : -524288(eBADPARAMETER_SM) in SM_CloseScan.c:65
[PID=63397][Sat Mar 16 16:43:32 2024] Error : -524288(eBADPARAMETER_SM) in LRDS_CloseScan.c:102
[PID=63397][Sat Mar 16 16:43:32 2024] Error : -524288(eBADPARAMETER_SM) in LRDS_Transaction.c:90
[PID=63397][Sat Mar 16 16:43:32 2024] Error : -65539(eBADVOLUMEID) in LRDS_Dismount.c:73
[PID=63550][Sat Mar 16 16:43:46 2024] Error : -262147(eBADHASHKEY_BFM) in edubfm_AllocTrain.c:112
[PID=63550][Sat Mar 16 16:43:46 2024] Error : -262147(eBADHASHKEY_BFM) in EduBfM_GetTrain.c:90
[PID=63550][Sat Mar 16 16:43:46 2024] Error : -262147(eBADHASHKEY_BFM) in EduBfM_Test.c:116
[PID=63550][Sat Mar 16 16:43:46 2024] Error : -589829(eNOLOGGEDTRANSACTION_RM) in RM_Transaction.c:311
[PID=63550][Sat Mar 16 16:43:46 2024] Error : -589829(eNOLOGGEDTRANSACTION_RM) in SM_Transaction.c:258
[PID=63550][Sat Mar 16 16:43:46 2024] Error : -589829(eNOLOGGEDTRANSACTION_RM) in SM_ThinLayer.c:761
[PID=63550][Sat Mar 16 16:43:46 2024] Error : -589829(eNOLOGGEDTRANSACTION_RM) in LRDS_Transaction.c:133
[PID=63550][Sat Mar 16 16:43:46 2024] Error : -524288(eBADPARAMETER_SM) in SM_CloseScan.c:65
[PID=63550][Sat Mar 16 16:43:46 2024] Error : -524288(eBADPARAMETER_SM) in LRDS_CloseScan.c:102
[PID=63550][Sat Mar 16 16:43:46 2024] Error : -524288(eBADPARAMETER_SM) in LRDS_Transaction.c:90
[PID=63550][Sat Mar 16 16:43:46 2024] Error : -65539(eBADVOLUMEID) in LRDS_Dismount.c:73
[PID=64287][Sat Mar 16 16:45:35 2024] Error : -262147(eBADHASHKEY_BFM) in edubfm_AllocTrain.c:112
[PID=64287][Sat Mar 16 16:45:35 2024] Error : -262147(eBADHASHKEY_BFM) in EduBfM_GetTrain.c:90
[PID=64287][Sat Mar 16 16:45:35 2024] Error : -262147(eBADHASHKEY_BFM) in EduBfM_Test.c:116
[PID=64287][Sat Mar 16 16:45:35 2024] Error : -589829(eNOLOGGEDTRANSACTION_RM) in RM_Transaction.c:311
[PID=64287][Sat Mar 16 16:45:35 2024] Error : -589829(eNOLOGGEDTRANSACTION_RM) in SM_Transaction.c:258
[PID=64287][Sat Mar 16 16:45:35 2024] Error : -589829(eNOLOGGEDTRANSACTION_RM) in SM_ThinLayer.c:761
[PID=64287][Sat Mar 16 16:45:35 2024] Error : -589829(eNOLOGGEDTRANSACTION_RM) in LRDS_Transaction.c:133
[PID=64287][Sat Mar 16 16:45:35 2024] Error : -524288(eBADPARAMETER_SM) in SM_CloseScan.c:65
[PID=64287][Sat Mar 16 16:45:35 2024] Error : -524288(eBADPARAMETER_SM) in LRDS_CloseScan.c:102
[PID=64287][Sat Mar 16 16:45:35 2024] Error : -524288(eBADPARAMETER_SM) in LRDS_Transaction.c:90
[PID=64287][Sat Mar 16 16:45:35 2024] Error : -65539(eBADVOLUMEID) in LRDS_Dismount.c:73
[PID=64450][Sat Mar 16 16:45:49 2024] Error : -262147(eBADHASHKEY_BFM) in edubfm_AllocTrain.c:112
[PID=64450][Sat Mar 16 16:45:49 2024] Error : -262147(eBADHASHKEY_BFM) in EduBfM_GetTrain.c:90
[PID=64450][Sat Mar 16 16:45:49 2024] Error : -262147(eBADHASHKEY_BFM) in EduBfM_Test.c:116
[PID=64450][Sat Mar 16 16:45:49 2024] Error : -589829(eNOLOGGEDTRANSACTION_RM) in RM_Transaction.c:311
[PID=64450][Sat Mar 16 16:45:49 2024] Error : -589829(eNOLOGGEDTRANSACTION_RM) in SM_Transaction.c:258
[PID=64450][Sat Mar 16 16:45:49 2024] Error : -589829(eNOLOGGEDTRANSACTION_RM) in SM_ThinLayer.c:761
[PID=64450][Sat Mar 16 16:45:49 2024] Error : -589829(eNOLOGGEDTRANSACTION_RM) in LRDS_Transaction.c:133
[PID=64450][Sat Mar 16 16:45:49 2024] Error : -524288(eBADPARAMETER_SM) in SM_CloseScan.c:65
[PID=64450][Sat Mar 16 16:45:49 2024] Error : -524288(eBADPARAMETER_SM) in LRDS_CloseScan.c:102
[PID=64450][Sat Mar 16 16:45:49 2024] Error : -524288(eBADPARAMETER_SM) in LRDS_Transaction.c:90
[PID=64450][Sat Mar 16 16:45:49 2024] Error : -65539(eBADVOLUMEID) in LRDS_Dismount.c:73
[PID=66354][Sat Mar 16 16:51:13 2024] Error : -262147(eBADHASHKEY_BFM) in edubfm_AllocTrain.c:112
[PID=66354][Sat Mar 16 16:51:13 2024] Error : -262147(eBADHASHKEY_BFM) in EduBfM_GetTrain.c:90
[PID=66354][Sat Mar 16 16:51:13 2024] Error : -262147(eBADHASHKEY_BFM) in EduBfM_Test.c:116
[PID=66354][Sat Mar 16 16:51:13 2024] Error : -589829(eNOLOGGEDTRANSACTION_RM) in RM_Transaction.c:311
[PID=66354][Sat Mar 16 16:51:13 2024] Error : -589829(eNOLOGGEDTRANSACTION_RM) in SM_Transaction.c:258
[PID=66354][Sat Mar 16 16:51:13 2024] Error : -589829(eNOLOGGEDTRANSACTION_RM) in SM_ThinLayer.c:761
[PID=66354][Sat Mar 16 16:51:13 2024] Error : -589829(eNOLOGGEDTRANSACTION_RM) in LRDS_Transaction.c:133
[PID=66354][Sat Mar 16 16:51:13 2024] Error : -524288(eBADPARAMETER_SM) in SM_CloseScan.c:65
[PID=66354][Sat Mar 16 16:51:13 2024] Error : -524288(eBADPARAMETER_SM) in LRDS_CloseScan.c:102
[PID=66354][Sat Mar 16 16:51:13 2024] Error : -524288(eBADPARAMETER_SM) in LRDS_Transaction.c:90
[PID=66354][Sat Mar 16 16:51:13 2024] Error : -65539(eBADVOLUMEID) in LRDS_Dismount.c:73
[PID=66476][Sat Mar 16 16:51:29 2024] Error : -262147(eBADHASHKEY_BFM) in edubfm_AllocTrain.c:112
[PID=66476][Sat Mar 16 16:51:29 2024] Error : -262147(eBADHASHKEY_BFM) in EduBfM_GetTrain.c:90
[PID=66476][Sat Mar 16 16:51:29 2024] Error : -262147(eBADHASHKEY_BFM) in EduBfM_Test.c:116
[PID=66476][Sat Mar 16 16:51:29 2024] Error : -589829(eNOLOGGEDTRANSACTION_RM) in RM_Transaction.c:311
[PID=66476][Sat Mar 16 16:51:29 2024] Error : -589829(eNOLOGGEDTRANSACTION_RM) in SM_Transaction.c:258
[PID=66476][Sat Mar 16 16:51:29 2024] Error : -589829(eNOLOGGEDTRANSACTION_RM) in SM_ThinLayer.c:761
[PID=66476][Sat Mar 16 16:51:29 2024] Error : -589829(eNOLOGGEDTRANSACTION_RM) in LRDS_Transaction.c:133
[PID=66476][Sat Mar 16 16:51:29 2024] Error : -524288(eBADPARAMETER_SM) in SM_CloseScan.c:65
[PID=66476][Sat Mar 16 16:51:29 2024] Error : -524288(eBADPARAMETER_SM) in LRDS_CloseScan.c:102
[PID=66476][Sat Mar 16 16:51:29 2024] Error : -524288(eBADPARAMETER_SM) in LRDS_Transaction.c:90
[PID=66476][Sat Mar 16 16:51:29 2024] Error : -65539(eBADVOLUMEID) in LRDS_Dismount.c:73
[PID=66620][Sat Mar 16 16:51:40 2024] Error : -262147(eBADHASHKEY_BFM) in edubfm_AllocTrain.c:112
[PID=66620][Sat Mar 16 16:51:40 2024] Error : -262147(eBADHASHKEY_BFM) in EduBfM_GetTrain.c:90
[PID=66620][Sat Mar 16 16:51:40 2024] Error : -262147(eBADHASHKEY_BFM) in EduBfM_Test.c:116
[PID=66620][Sat Mar 16 16:51:40 2024] Error : -589829(eNOLOGGEDTRANSACTION_RM) in RM_Transaction.c:311
[PID=66620][Sat Mar 16 16:51:40 2024] Error : -589829(eNOLOGGEDTRANSACTION_RM) in SM_Transaction.c:258
[PID=66620][Sat Mar 16 16:51:40 2024] Error : -589829(eNOLOGGEDTRANSACTION_RM) in SM_ThinLayer.c:761
[PID=66620][Sat Mar 16 16:51:40 2024] Error : -589829(eNOLOGGEDTRANSACTION_RM) in LRDS_Transaction.c:133
[PID=66620][Sat Mar 16 16:51:40 2024] Error : -524288(eBADPARAMETER_SM) in SM_CloseScan.c:65
[PID=66620][Sat Mar 16 16:51:40 2024] Error : -524288(eBADPARAMETER_SM) in LRDS_CloseScan.c:102
[PID=66620][Sat Mar 16 16:51:40 2024] Error : -524288(eBADPARAMETER_SM) in LRDS_Transaction.c:90
[PID=66620][Sat Mar 16 16:51:40 2024] Error : -65539(eBADVOLUMEID) in LRDS_Dismount.c:73
[PID=68144][Sat Mar 16 16:55:44 2024] Error : -262147(eBADHASHKEY_BFM) in edubfm_AllocTrain.c:112
[PID=68144][Sat Mar 16 16:55:44 2024] Error : -262147(eBADHASHKEY_BFM) in EduBfM_GetTrain.c:90
[PID=68144][Sat Mar 16 16:55:44 2024] Error : -262147(eBADHASHKEY_BFM) in EduBfM_Test.c:116
[PID=68144][Sat Mar 16 16:55:44 2024] Error : -589829(eNOLOGGEDTRANSACTION_RM) in RM_Transaction.c:311
[PID=68144][Sat Mar 16 16:55:44 2024] Error : -589829(eNOLOGGEDTRANSACTION_RM) in SM_Transaction.c:258
[PID=68144][Sat Mar 16 16:55:44 2024] Error : -589829(eNOLOGGEDTRANSACTION_RM) in SM_ThinLayer.c:761
[PID=68144][Sat Mar 16 16:55:44 2024] Error : -589829(eNOLOGGEDTRANSACTION_RM) in LRDS_Transaction.c:133
[PID=68144][Sat Mar 16 16:55:44 2024] Error : -524288(eBADPARAMETER_SM) in SM_CloseScan.c:65
[PID=68144][Sat Mar 16 16:55:44 2024] Error : -524288(eBADPARAMETER_SM) in LRDS_CloseScan.c:102
[PID=68144][Sat Mar 16 16:55:44 2024] Error : -524288(eBADPARAMETER_SM) in LRDS_Transaction.c:90
[PID=68144][Sat Mar 16 16:55:44 2024] Error : -65539(eBADVOLUMEID) in LRDS_Dismount.c:73
[PID=68561][Sat Mar 16 16:56:43 2024] Error : -262147(eBADHASHKEY_BFM) in edubfm_AllocTrain.c:112
[PID=68561][Sat Mar 16 16:56:43 2024] Error : -262147(eBADHASHKEY_BFM) in EduBfM_GetTrain.c:90
[PID=68561][Sat Mar 16 16:56:43 2024] Error : -262147(eBADHASHKEY_BFM) in EduBfM_Test.c:116
[PID=68561][Sat Mar 16 16:56:43 2024] Error : -589829(eNOLOGGEDTRANSACTION_RM) in RM_Transaction.c:311
[PID=68561][Sat Mar 16 16:56:43 2024] Error : -589829(eNOLOGGEDTRANSACTION_RM) in SM_Transaction.c:258
[PID=68561][Sat Mar 16 16:56:43 2024] Error : -589829(eNOLOGGEDTRANSACTION_RM) in SM_ThinLayer.c:761
[PID=68561][Sat Mar 16 16:56:43 2024] Error : -589829(eNOLOGGEDTRANSACTION_RM) in LRDS_Transaction.c:133
[PID=68561][Sat Mar 16 16:56:43 2024] Error : -524288(eBADPARAMETER_SM) in SM_CloseScan.c:65
[PID=68561][Sat Mar 16 16:56:43 2024] Error : -524288(eBADPARAMETER_SM) in LRDS_CloseScan.c:102
[PID=68561][Sat Mar 16 16:56:43 2024] Error : -524288(eBADPARAMETER_SM) in LRDS_Transaction.c:90
[PID=68561][Sat Mar 16 16:56:43 2024] Error : -65539(eBADVOLUMEID) in LRDS_Dismount.c:73
[PID=69646][Sat Mar 16 16:59:13 2024] Error : -262147(eBADHASHKEY_BFM) in edubfm_AllocTrain.c:112
[PID=69646][Sat Mar 16 16:59:13 2024] Error : -262147(eBADHASHKEY_BFM) in EduBfM_GetTrain.c:90
[PID=69646][Sat Mar 16 16:59:13 2024] Error : -262147(eBADHASHKEY_BFM) in EduBfM_Test.c:116
[PID=69646][Sat Mar 16 16:59:13 2024] Error : -589829(eNOLOGGEDTRANSACTION_RM) in RM_Transaction.c:311
[PID=69646][Sat Mar 16 16:59:13 2024] Error : -589829(eNOLOGGEDTRANSACTION_RM) in SM_Transaction.c:258
[PID=69646][Sat Mar 16 16:59:13 2024] Error : -589829(eNOLOGGEDTRANSACTION_RM) in SM_ThinLayer.c:761
[PID=69646][Sat Mar 16 16:59:13 2024] Error : -589829(eNOLOGGEDTRANSACTION_RM) in LRDS_Transaction.c:133
[PID=69646][Sat Mar 16 16:59:13 2024] Error : -524288(eBADPARAMETER_SM) in SM_CloseScan.c:65
[PID=69646][Sat Mar 16 16:59:13 2024] Error : -524288(eBADPARAMETER_SM) in LRDS_CloseScan.c:102
[PID=69646][Sat Mar 16 16:59:13 2024] Error : -524288(eBADPARAMETER_SM) in LRDS_Transaction.c:90
[PID=69646][Sat Mar 16 16:59:13 2024] Error : -65539(eBADVOLUMEID) in LRDS_Dismount.c:73
[PID=71031][Sat Mar 16 17:02:43 2024] Error : -262147(eBADHASHKEY_BFM) in edubfm_AllocTrain.c:112
[PID=71031][Sat Mar 16 17:02:43 2024] Error : -262147(eBADHASHKEY_BFM) in EduBfM_GetTrain.c:90
[PID=71031][Sat Mar 16 17:02:43 2024] Error : -262147(eBADHASHKEY_BFM) in EduBfM_Test.c:116
[PID=71031][Sat Mar 16 17:02:43 2024] Error : -589829(eNOLOGGEDTRANSACTION_RM) in RM_Transaction.c:311
[PID=71031][Sat Mar 16 17:02:43 2024] Error : -589829(eNOLOGGEDTRANSACTION_RM) in SM_Transaction.c:258
[PID=71031][Sat Mar 16 17:02:43 2024] Error : -589829(eNOLOGGEDTRANSACTION_RM) in SM_ThinLayer.c:761
[PID=71031][Sat Mar 16 17:02:43 2024] Error : -589829(eNOLOGGEDTRANSACTION_RM) in LRDS_Transaction.c:133
[PID=71031][Sat Mar 16 17:02:43 2024] Error : -524288(eBADPARAMETER_SM) in SM_CloseScan.c:65
[PID=71031][Sat Mar 16 17:02:43 2024] Error : -524288(eBADPARAMETER_SM) in LRDS_CloseScan.c:102
[PID=71031][Sat Mar 16 17:02:43 2024] Error : -524288(eBADPARAMETER_SM) in LRDS_Transaction.c:90
[PID=71031][Sat Mar 16 17:02:43 2024] Error : -65539(eBADVOLUMEID) in LRDS_Dismount.c:73
[PID=71645][Sat Mar 16 17:04:13 2024] Error : -262147(eBADHASHKEY_BFM) in edubfm_AllocTrain.c:112
[PID=71645][Sat Mar 16 17:04:13 2024] Error : -262147(eBADHASHKEY_BFM) in EduBfM_GetTrain.c:90
[PID=71645][Sat Mar 16 17:04:13 2024] Error : -262147(eBADHASHKEY_BFM) in EduBfM_Test.c:116
[PID=71645][Sat Mar 16 17:04:13 2024] Error : -589829(eNOLOGGEDTRANSACTION_RM) in RM_Transaction.c:311
[PID=71645][Sat Mar 16 17:04:13 2024] Error : -589829(eNOLOGGEDTRANSACTION_RM) in SM_Transaction.c:258
[PID=71645][Sat Mar 16 17:04:13 2024] Error : -589829(eNOLOGGEDTRANSACTION_RM) in SM_ThinLayer.c:761
[PID=71645][Sat Mar 16 17:04:13 2024] Error : -589829(eNOLOGGEDTRANSACTION_RM) in LRDS_Transaction.c:133
[PID=71645][Sat Mar 16 17:04:13 2024] Error : -524288(eBADPARAMETER_SM) in SM_CloseScan.c:65
[PID=71645][Sat Mar 16 17:04:13 2024] Error : -524288(eBADPARAMETER_SM) in LRDS_CloseScan.c:102
[PID=71645][Sat Mar 16 17:04:13 2024] Error : -524288(eBADPARAMETER_SM) in LRDS_Transaction.c:90
[PID=71645][Sat Mar 16 17:04:13 2024] Error : -65539(eBADVOLUMEID) in LRDS_Dismount.c:73
[PID=72480][Sat Mar 16 17:06:32 2024] Error : -262147(eBADHASHKEY_BFM) in edubfm_AllocTrain.c:112
[PID=72480][Sat Mar 16 17:06:32 2024] Error : -262147(eBADHASHKEY_BFM) in EduBfM_GetTrain.c:92
[PID=72480][Sat Mar 16 17:06:32 2024] Error : -262147(eBADHASHKEY_BFM) in EduBfM_Test.c:116
[PID=72480][Sat Mar 16 17:06:32 2024] Error : -589829(eNOLOGGEDTRANSACTION_RM) in RM_Transaction.c:311
[PID=72480][Sat Mar 16 17:06:32 2024] Error : -589829(eNOLOGGEDTRANSACTION_RM) in SM_Transaction.c:258
[PID=72480][Sat Mar 16 17:06:32 2024] Error : -589829(eNOLOGGEDTRANSACTION_RM) in SM_ThinLayer.c:761
[PID=72480][Sat Mar 16 17:06:32 2024] Error : -589829(eNOLOGGEDTRANSACTION_RM) in LRDS_Transaction.c:133
[PID=72480][Sat Mar 16 17:06:32 2024] Error : -524288(eBADPARAMETER_SM) in SM_CloseScan.c:65
[PID=72480][Sat Mar 16 17:06:32 2024] Error : -524288(eBADPARAMETER_SM) in LRDS_CloseScan.c:102
[PID=72480][Sat Mar 16 17:06:32 2024] Error : -524288(eBADPARAMETER_SM) in LRDS_Transaction.c:90
[PID=72480][Sat Mar 16 17:06:32 2024] Error : -65539(eBADVOLUMEID) in LRDS_Dismount.c:73
[PID=73575][Sat Mar 16 17:09:23 2024] Error : -262147(eBADHASHKEY_BFM) in edubfm_AllocTrain.c:112
[PID=73575][Sat Mar 16 17:09:23 2024] Error : -262147(eBADHASHKEY_BFM) in EduBfM_GetTrain.c:92
[PID=73575][Sat Mar 16 17:09:23 2024] Error : -262147(eBADHASHKEY_BFM) in EduBfM_Test.c:117
[PID=73575][Sat Mar 16 17:09:23 2024] Error : -589829(eNOLOGGEDTRANSACTION_RM) in RM_Transaction.c:311
[PID=73575][Sat Mar 16 17:09:23 2024] Error : -589829(eNOLOGGEDTRANSACTION_RM) in SM_Transaction.c:258
[PID=73575][Sat Mar 16 17:09:23 2024] Error : -589829(eNOLOGGEDTRANSACTION_RM) in SM_ThinLayer.c:761
[PID=73575][Sat Mar 16 17:09:23 2024] Error : -589829(eNOLOGGEDTRANSACTION_RM) in LRDS_Transaction.c:133
[PID=73575][Sat Mar 16 17:09:23 2024] Error : -524288(eBADPARAMETER_SM) in SM_CloseScan.c:65
[PID=73575][Sat Mar 16 17:09:23 2024] Error : -524288(eBADPARAMETER_SM) in LRDS_CloseScan.c:102
[PID=73575][Sat Mar 16 17:09:23 2024] Error : -524288(eBADPARAMETER_SM) in LRDS_Transaction.c:90
[PID=73575][Sat Mar 16 17:09:23 2024] Error : -65539(eBADVOLUMEID) in LRDS_Dismount.c:73
[PID=84590][Sat Mar 16 17:40:47 2024] Error : -262151(eNOUNFIXEDBUF_BFM) in edubfm_AllocTrain.c:104
[PID=84590][Sat Mar 16 17:40:47 2024] Error : -262151(eNOUNFIXEDBUF_BFM) in EduBfM_GetTrain.c:92
[PID=84590][Sat Mar 16 17:40:47 2024] Error : -262151(eNOUNFIXEDBUF_BFM) in EduBfM_Test.c:201
[PID=84590][Sat Mar 16 17:40:47 2024] Error : -589829(eNOLOGGEDTRANSACTION_RM) in RM_Transaction.c:311
[PID=84590][Sat Mar 16 17:40:47 2024] Error : -589829(eNOLOGGEDTRANSACTION_RM) in SM_Transaction.c:258
[PID=84590][Sat Mar 16 17:40:47 2024] Error : -589829(eNOLOGGEDTRANSACTION_RM) in SM_ThinLayer.c:761
[PID=84590][Sat Mar 16 17:40:47 2024] Error : -589829(eNOLOGGEDTRANSACTION_RM) in LRDS_Transaction.c:133
[PID=84590][Sat Mar 16 17:40:47 2024] Error : -524288(eBADPARAMETER_SM) in SM_CloseScan.c:65
[PID=84590][Sat Mar 16 17:40:47 2024] Error : -524288(eBADPARAMETER_SM) in LRDS_CloseScan.c:102
[PID=84590][Sat Mar 16 17:40:47 2024] Error : -524288(eBADPARAMETER_SM) in LRDS_Transaction.c:90
[PID=84590][Sat Mar 16 17:40:47 2024] Error : -65539(eBADVOLUMEID) in LRDS_Dismount.c:73
